# JRE version: Java(TM) SE Runtime Environment (17.0.9+11) (build 17.0.9+11-LTS-201)
# Java VM: Java HotSpot(TM) 64-Bit Server VM (17.0.9+11-LTS-201, mixed mode, sharing, tiered, compressed oops, compressed class ptrs, g1 gc, windows-amd64)
GC Precious Log:
 CPUs: 8 total, 8 available
 Memory: 8029M
 Large Page Support: Disabled
 NUMA Support: Disabled
 Compressed Oops: Enabled (32-bit)
 Heap Region Size: 1M
 Heap Min Capacity: 8M
 Heap Initial Capacity: 126M
 Heap Max Capacity: 2008M
 Pre-touch: Disabled
 Parallel Workers: 8
 Concurrent Workers: 2
 Concurrent Refinement Workers: 8
 Periodic GC: Disabled
Heap:
 garbage-first heap   total 219136K, used 15114K [0x0000000082800000, 0x0000000100000000)
  region size 1024K, 6 young (6144K), 6 survivors (6144K)
 Metaspace       used 12579K, committed 12800K, reserved 1114112K
  class space    used 1875K, committed 1984K, reserved 1048576K
GC Heap History (20 events):
Event: 1.590 GC heap after
{Heap after GC invocations=5 (full 0):
 garbage-first heap   total 129024K, used 12638K [0x0000000082800000, 0x0000000100000000)
  region size 1024K, 4 young (4096K), 4 survivors (4096K)
 Metaspace       used 12542K, committed 12736K, reserved 1114112K
  class space    used 1875K, committed 1984K, reserved 1048576K
}
Event: 1.663 GC heap before
{Heap before GC invocations=5 (full 0):
 garbage-first heap   total 129024K, used 85342K [0x0000000082800000, 0x0000000100000000)
  region size 1024K, 75 young (76800K), 4 survivors (4096K)
 Metaspace       used 12546K, committed 12736K, reserved 1114112K
  class space    used 1875K, committed 1984K, reserved 1048576K
}
Event: 1.666 GC heap after
{Heap after GC invocations=6 (full 0):
 garbage-first heap   total 129024K, used 13076K [0x0000000082800000, 0x0000000100000000)
  region size 1024K, 4 young (4096K), 4 survivors (4096K)
 Metaspace       used 12546K, committed 12736K, reserved 1114112K
  class space    used 1875K, committed 1984K, reserved 1048576K
}
Event: 1.723 GC heap before
{Heap before GC invocations=6 (full 0):
 garbage-first heap   total 129024K, used 85780K [0x0000000082800000, 0x0000000100000000)
  region size 1024K, 75 young (76800K), 4 survivors (4096K)
 Metaspace       used 12546K, committed 12736K, reserved 1114112K
  class space    used 1875K, committed 1984K, reserved 1048576K
}
Event: 1.726 GC heap after
{Heap after GC invocations=7 (full 0):
 garbage-first heap   total 155648K, used 12916K [0x0000000082800000, 0x0000000100000000)
  region size 1024K, 4 young (4096K), 4 survivors (4096K)
 Metaspace       used 12546K, committed 12736K, reserved 1114112K
  class space    used 1875K, committed 1984K, reserved 1048576K
}
Event: 1.811 GC heap before
{Heap before GC invocations=7 (full 0):
 garbage-first heap   total 155648K, used 102004K [0x0000000082800000, 0x0000000100000000)
  region size 1024K, 91 young (93184K), 4 survivors (4096K)
 Metaspace       used 12553K, committed 12736K, reserved 1114112K
  class space    used 1875K, committed 1984K, reserved 1048576K
}
Event: 1.814 GC heap after
{Heap after GC invocations=8 (full 0):
 garbage-first heap   total 155648K, used 13288K [0x0000000082800000, 0x0000000100000000)
  region size 1024K, 4 young (4096K), 4 survivors (4096K)
 Metaspace       used 12553K, committed 12736K, reserved 1114112K
  class space    used 1875K, committed 1984K, reserved 1048576K
}
Event: 1.883 GC heap before
{Heap before GC invocations=8 (full 0):
 garbage-first heap   total 155648K, used 102376K [0x0000000082800000, 0x0000000100000000)
  region size 1024K, 91 young (93184K), 4 survivors (4096K)
 Metaspace       used 12556K, committed 12736K, reserved 1114112K
  class space    used 1875K, committed 1984K, reserved 1048576K
}
Event: 1.886 GC heap after
{Heap after GC invocations=9 (full 0):
 garbage-first heap   total 155648K, used 13534K [0x0000000082800000, 0x0000000100000000)
  region size 1024K, 5 young (5120K), 5 survivors (5120K)
 Metaspace       used 12556K, committed 12736K, reserved 1114112K
  class space    used 1875K, committed 1984K, reserved 1048576K
}
Event: 1.962 GC heap before
{Heap before GC invocations=9 (full 0):
 garbage-first heap   total 155648K, used 101598K [0x0000000082800000, 0x0000000100000000)
  region size 1024K, 91 young (93184K), 5 survivors (5120K)
 Metaspace       used 12559K, committed 12736K, reserved 1114112K
  class space    used 1875K, committed 1984K, reserved 1048576K
}
Event: 1.965 GC heap after
{Heap after GC invocations=10 (full 0):
 garbage-first heap   total 155648K, used 13806K [0x0000000082800000, 0x0000000100000000)
  region size 1024K, 5 young (5120K), 5 survivors (5120K)
 Metaspace       used 12559K, committed 12736K, reserved 1114112K
  class space    used 1875K, committed 1984K, reserved 1048576K
}
Event: 2.040 GC heap before
{Heap before GC invocations=10 (full 0):
 garbage-first heap   total 155648K, used 101870K [0x0000000082800000, 0x0000000100000000)
  region size 1024K, 91 young (93184K), 5 survivors (5120K)
 Metaspace       used 12561K, committed 12736K, reserved 1114112K
  class space    used 1875K, committed 1984K, reserved 1048576K
}
Event: 2.044 GC heap after
{Heap after GC invocations=11 (full 0):
 garbage-first heap   total 219136K, used 13559K [0x0000000082800000, 0x0000000100000000)
  region size 1024K, 5 young (5120K), 5 survivors (5120K)
 Metaspace       used 12561K, committed 12736K, reserved 1114112K
  class space    used 1875K, committed 1984K, reserved 1048576K
}
Event: 2.166 GC heap before
{Heap before GC invocations=11 (full 0):
 garbage-first heap   total 219136K, used 139511K [0x0000000082800000, 0x0000000100000000)
  region size 1024K, 128 young (131072K), 5 survivors (5120K)
 Metaspace       used 12576K, committed 12736K, reserved 1114112K
  class space    used 1875K, committed 1984K, reserved 1048576K
}
Event: 2.169 GC heap after
{Heap after GC invocations=12 (full 0):
 garbage-first heap   total 219136K, used 14136K [0x0000000082800000, 0x0000000100000000)
  region size 1024K, 5 young (5120K), 5 survivors (5120K)
 Metaspace       used 12576K, committed 12736K, reserved 1114112K
  class space    used 1875K, committed 1984K, reserved 1048576K
}
Event: 2.256 GC heap before
{Heap before GC invocations=12 (full 0):
 garbage-first heap   total 219136K, used 140088K [0x0000000082800000, 0x0000000100000000)
  region size 1024K, 128 young (131072K), 5 survivors (5120K)
 Metaspace       used 12576K, committed 12736K, reserved 1114112K
  class space    used 1875K, committed 1984K, reserved 1048576K
}
Event: 2.259 GC heap after
{Heap after GC invocations=13 (full 0):
 garbage-first heap   total 219136K, used 14312K [0x0000000082800000, 0x0000000100000000)
  region size 1024K, 5 young (5120K), 5 survivors (5120K)
 Metaspace       used 12576K, committed 12736K, reserved 1114112K
  class space    used 1875K, committed 1984K, reserved 1048576K
}
Event: 2.353 GC heap before
{Heap before GC invocations=13 (full 0):
 garbage-first heap   total 219136K, used 140264K [0x0000000082800000, 0x0000000100000000)
  region size 1024K, 128 young (131072K), 5 survivors (5120K)
 Metaspace       used 12579K, committed 12800K, reserved 1114112K
  class space    used 1875K, committed 1984K, reserved 1048576K
}
Event: 2.357 GC heap after
{Heap after GC invocations=14 (full 0):
 garbage-first heap   total 219136K, used 14884K [0x0000000082800000, 0x0000000100000000)
  region size 1024K, 6 young (6144K), 6 survivors (6144K)
 Metaspace       used 12579K, committed 12800K, reserved 1114112K
  class space    used 1875K, committed 1984K, reserved 1048576K
}
Event: 2.444 GC heap before
{Heap before GC invocations=14 (full 0):
 garbage-first heap   total 219136K, used 139812K [0x0000000082800000, 0x0000000100000000)
  region size 1024K, 128 young (131072K), 6 survivors (6144K)
 Metaspace       used 12579K, committed 12800K, reserved 1114112K
  class space    used 1875K, committed 1984K, reserved 1048576K
}

