# JRE version: Java(TM) SE Runtime Environment (17.0.9+11) (build 17.0.9+11-LTS-201)
# Java VM: Java HotSpot(TM) 64-Bit Server VM (17.0.9+11-LTS-201, mixed mode, sharing, tiered, compressed oops, compressed class ptrs, g1 gc, windows-amd64)
GC Precious Log:
 CPUs: 8 total, 8 available
 Memory: 8029M
 Large Page Support: Disabled
 NUMA Support: Disabled
 Compressed Oops: Enabled (32-bit)
 Heap Region Size: 1M
 Heap Min Capacity: 8M
 Heap Initial Capacity: 126M
 Heap Max Capacity: 2008M
 Pre-touch: Disabled
 Parallel Workers: 8
 Concurrent Workers: 2
 Concurrent Refinement Workers: 8
 Periodic GC: Disabled
Heap:
 garbage-first heap   total 603136K, used 229833K [0x0000000082800000, 0x0000000100000000)
  region size 1024K, 1 young (1024K), 1 survivors (1024K)
 Metaspace       used 12806K, committed 13056K, reserved 1114112K
  class space    used 1876K, committed 1984K, reserved 1048576K
GC Heap History (20 events):
Event: 380.236 GC heap after
{Heap after GC invocations=1252 (full 0):
 garbage-first heap   total 603136K, used 268424K [0x0000000082800000, 0x0000000100000000)
  region size 1024K, 1 young (1024K), 1 survivors (1024K)
 Metaspace       used 12806K, committed 13056K, reserved 1114112K
  class space    used 1876K, committed 1984K, reserved 1048576K
}
Event: 380.807 GC heap before
{Heap before GC invocations=1253 (full 0):
 garbage-first heap   total 519168K, used 464008K [0x0000000082800000, 0x0000000100000000)
  region size 1024K, 269 young (275456K), 1 survivors (1024K)
 Metaspace       used 12806K, committed 13056K, reserved 1114112K
  class space    used 1876K, committed 1984K, reserved 1048576K
}
Event: 380.832 GC heap after
{Heap after GC invocations=1254 (full 0):
 garbage-first heap   total 519168K, used 192414K [0x0000000082800000, 0x0000000100000000)
  region size 1024K, 4 young (4096K), 4 survivors (4096K)
 Metaspace       used 12806K, committed 13056K, reserved 1114112K
  class space    used 1876K, committed 1984K, reserved 1048576K
}
Event: 380.876 GC heap before
{Heap before GC invocations=1254 (full 0):
 garbage-first heap   total 519168K, used 221086K [0x0000000082800000, 0x0000000100000000)
  region size 1024K, 25 young (25600K), 4 survivors (4096K)
 Metaspace       used 12806K, committed 13056K, reserved 1114112K
  class space    used 1876K, committed 1984K, reserved 1048576K
}
Event: 380.882 GC heap after
{Heap after GC invocations=1255 (full 0):
 garbage-first heap   total 519168K, used 197758K [0x0000000082800000, 0x0000000100000000)
  region size 1024K, 1 young (1024K), 1 survivors (1024K)
 Metaspace       used 12806K, committed 13056K, reserved 1114112K
  class space    used 1876K, committed 1984K, reserved 1048576K
}
Event: 381.077 GC heap before
{Heap before GC invocations=1255 (full 0):
 garbage-first heap   total 519168K, used 340094K [0x0000000082800000, 0x0000000100000000)
  region size 1024K, 109 young (111616K), 1 survivors (1024K)
 Metaspace       used 12806K, committed 13056K, reserved 1114112K
  class space    used 1876K, committed 1984K, reserved 1048576K
}
Event: 381.083 GC heap after
{Heap after GC invocations=1256 (full 0):
 garbage-first heap   total 519168K, used 229749K [0x0000000082800000, 0x0000000100000000)
  region size 1024K, 1 young (1024K), 1 survivors (1024K)
 Metaspace       used 12806K, committed 13056K, reserved 1114112K
  class space    used 1876K, committed 1984K, reserved 1048576K
}
Event: 381.091 GC heap before
{Heap before GC invocations=1256 (full 0):
 garbage-first heap   total 519168K, used 233845K [0x0000000082800000, 0x0000000100000000)
  region size 1024K, 5 young (5120K), 1 survivors (1024K)
 Metaspace       used 12806K, committed 13056K, reserved 1114112K
  class space    used 1876K, committed 1984K, reserved 1048576K
}
Event: 381.092 GC heap after
{Heap after GC invocations=1257 (full 0):
 garbage-first heap   total 519168K, used 230641K [0x0000000082800000, 0x0000000100000000)
  region size 1024K, 1 young (1024K), 1 survivors (1024K)
 Metaspace       used 12806K, committed 13056K, reserved 1114112K
  class space    used 1876K, committed 1984K, reserved 1048576K
}
Event: 381.546 GC heap before
{Heap before GC invocations=1258 (full 0):
 garbage-first heap   total 519168K, used 404721K [0x0000000082800000, 0x0000000100000000)
  region size 1024K, 224 young (229376K), 1 survivors (1024K)
 Metaspace       used 12806K, committed 13056K, reserved 1114112K
  class space    used 1876K, committed 1984K, reserved 1048576K
}
Event: 381.558 GC heap after
{Heap after GC invocations=1259 (full 0):
 garbage-first heap   total 519168K, used 176482K [0x0000000082800000, 0x0000000100000000)
  region size 1024K, 1 young (1024K), 1 survivors (1024K)
 Metaspace       used 12806K, committed 13056K, reserved 1114112K
  class space    used 1876K, committed 1984K, reserved 1048576K
}
Event: 381.864 GC heap before
{Heap before GC invocations=1259 (full 0):
 garbage-first heap   total 519168K, used 406882K [0x0000000082800000, 0x0000000100000000)
  region size 1024K, 175 young (179200K), 1 survivors (1024K)
 Metaspace       used 12806K, committed 13056K, reserved 1114112K
  class space    used 1876K, committed 1984K, reserved 1048576K
}
Event: 381.874 GC heap after
{Heap after GC invocations=1260 (full 0):
 garbage-first heap   total 519168K, used 229669K [0x0000000082800000, 0x0000000100000000)
  region size 1024K, 1 young (1024K), 1 survivors (1024K)
 Metaspace       used 12806K, committed 13056K, reserved 1114112K
  class space    used 1876K, committed 1984K, reserved 1048576K
}
Event: 381.881 GC heap before
{Heap before GC invocations=1260 (full 0):
 garbage-first heap   total 519168K, used 233765K [0x0000000082800000, 0x0000000100000000)
  region size 1024K, 5 young (5120K), 1 survivors (1024K)
 Metaspace       used 12806K, committed 13056K, reserved 1114112K
  class space    used 1876K, committed 1984K, reserved 1048576K
}
Event: 381.882 GC heap after
{Heap after GC invocations=1261 (full 0):
 garbage-first heap   total 519168K, used 230692K [0x0000000082800000, 0x0000000100000000)
  region size 1024K, 1 young (1024K), 1 survivors (1024K)
 Metaspace       used 12806K, committed 13056K, reserved 1114112K
  class space    used 1876K, committed 1984K, reserved 1048576K
}
Event: 382.314 GC heap before
{Heap before GC invocations=1262 (full 0):
 garbage-first heap   total 519168K, used 405796K [0x0000000082800000, 0x0000000100000000)
  region size 1024K, 225 young (230400K), 1 survivors (1024K)
 Metaspace       used 12806K, committed 13056K, reserved 1114112K
  class space    used 1876K, committed 1984K, reserved 1048576K
}
Event: 382.330 GC heap after
{Heap after GC invocations=1263 (full 0):
 garbage-first heap   total 519168K, used 177407K [0x0000000082800000, 0x0000000100000000)
  region size 1024K, 2 young (2048K), 2 survivors (2048K)
 Metaspace       used 12806K, committed 13056K, reserved 1114112K
  class space    used 1876K, committed 1984K, reserved 1048576K
}
Event: 382.373 GC heap before
{Heap before GC invocations=1263 (full 0):
 garbage-first heap   total 519168K, used 208127K [0x0000000082800000, 0x0000000100000000)
  region size 1024K, 25 young (25600K), 2 survivors (2048K)
 Metaspace       used 12806K, committed 13056K, reserved 1114112K
  class space    used 1876K, committed 1984K, reserved 1048576K
}
Event: 382.379 GC heap after
{Heap after GC invocations=1264 (full 0):
 garbage-first heap   total 519168K, used 184656K [0x0000000082800000, 0x0000000100000000)
  region size 1024K, 2 young (2048K), 2 survivors (2048K)
 Metaspace       used 12806K, committed 13056K, reserved 1114112K
  class space    used 1876K, committed 1984K, reserved 1048576K
}
Event: 382.656 GC heap before
{Heap before GC invocations=1264 (full 0):
 garbage-first heap   total 519168K, used 384336K [0x0000000082800000, 0x0000000100000000)
  region size 1024K, 153 young (156672K), 2 survivors (2048K)
 Metaspace       used 12806K, committed 13056K, reserved 1114112K
  class space    used 1876K, committed 1984K, reserved 1048576K
}

